<?xml version="1.0" encoding="UTF-8"?>
<testsuite name="com.example.damian.iracki.ticketBookingApp.ScreeningResourceTest" tests="1" skipped="0" failures="0" errors="0" timestamp="2021-05-30T21:57:11" hostname="DESKTOP-UJPNKK8" time="0.032">
  <properties/>
  <testcase name="shouldThrowErrorWhenFirstLetterOfNameIsNotCapital()" classname="com.example.damian.iracki.ticketBookingApp.ScreeningResourceTest" time="0.032"/>
  <system-out><![CDATA[]]></system-out>
  <system-err><![CDATA[]]></system-err>
</testsuite>
